Arguments: 
  /home/bharath/.nvm/versions/node/v21.7.2/bin/node /home/bharath/.node/corepack/yarn/1.22.15/bin/yarn.js add --dev prettier pretier-plugin-solidity

PATH: 
  /home/bharath/.vscode-server/bin/5c3e652f63e798a5ac2f31ffd0d863669328dc4c/bin/remote-cli:/home/bharath/.nvm/versions/node/v21.7.2/bin:/usr/local/sbin:/usr/local/bin:/usr/sbin:/usr/bin:/sbin:/bin:/usr/games:/usr/local/games:/usr/lib/wsl/lib:/mnt/c/Program Files (x86)/NVIDIA Corporation/PhysX/Common:/mnt/c/Program Files (x86)/Common Files/Oracle/Java/javapath:/mnt/c/WINDOWS/system32:/mnt/c/WINDOWS:/mnt/c/WINDOWS/System32/Wbem:/mnt/c/WINDOWS/System32/WindowsPowerShell/v1.0/:/mnt/c/WINDOWS/System32/OpenSSH/:/mnt/c/Program Files/dotnet/:/mnt/c/Users/Bharath Anna/Desktop/maven/apache-maven-3.9.3/bin:/mnt/c/Gradle/gradle-8.2/bin:/mnt/c/Users/Bharath Anna/Downloads/spring-boot-cli-3.1.1-bin/spring-3.1.1/bin:/mnt/c/Users/Bharath Anna/Desktop/maven/apache-maven-3.9.3/bin:/mnt/c/src/flutter/flutter/bin:/mnt/c/Program Files/nodejs/:/mnt/c/ProgramData/chocolatey/bin:/mnt/c/Program Files/Git/cmd:/mnt/c/Program Files/Docker/Docker/resources/bin:/mnt/c/Users/Bharath Anna/.cargo/bin:/mnt/c/Users/Bharath Anna/AppData/Local/Programs/Python/Python312/Scripts/:/mnt/c/Users/Bharath Anna/AppData/Local/Programs/Python/Python312/:/mnt/c/Users/Bharath Anna/AppData/Local/Programs/Python/Python311/Scripts/:/mnt/c/Users/Bharath Anna/AppData/Local/Programs/Python/Python311/:/mnt/c/Users/Bharath Anna/AppData/Local/Programs/Eclipse Adoptium/jdk-17.0.7.7-hotspot/bin:/mnt/c/Users/Bharath Anna/AppData/Local/Microsoft/WindowsApps:/mnt/c/MinGW/bin:/mnt/c/ProgramData/Microsoft/Windows/Start Menu/Programs/Git:/mnt/c/Program Files/JetBrains/IntelliJ IDEA 2023.1.3/bin:/mnt/c/src/flutter/flutter/bin:/mnt/c/Users/Bharath Anna/AppData/Roaming/npm:/mnt/c/Users/Bharath Anna/AppData/Local/Programs/Microsoft VS Code/bin:/snap/bin

Yarn version: 
  1.22.15

Node version: 
  21.7.2

Platform: 
  linux x64

Trace: 
  Error: https://registry.yarnpkg.com/pretier-plugin-solidity: Not found
      at params.callback [as _callback] (/home/bharath/.node/corepack/yarn/1.22.15/lib/cli.js:66140:18)
      at self.callback (/home/bharath/.node/corepack/yarn/1.22.15/lib/cli.js:140885:22)
      at Request.emit (node:events:519:28)
      at Request.<anonymous> (/home/bharath/.node/corepack/yarn/1.22.15/lib/cli.js:141857:10)
      at Request.emit (node:events:519:28)
      at IncomingMessage.<anonymous> (/home/bharath/.node/corepack/yarn/1.22.15/lib/cli.js:141779:12)
      at Object.onceWrapper (node:events:633:28)
      at IncomingMessage.emit (node:events:531:35)
      at endReadableNT (node:internal/streams/readable:1696:12)
      at process.processTicksAndRejections (node:internal/process/task_queues:82:21)

npm manifest: 
  {
    "name": "hardhat-simple-storage",
    "version": "1.0.0",
    "main": "index.js",
    "license": "MIT",
    "scripts": {
      "test": "echo \"Error: no test specified\" && exit 1"
    },
    "author": "",
    "description": "",
    "devDependencies": {
      "@nomicfoundation/hardhat-toolbox": "^5.0.0",
      "hardhat": "^2.22.2"
    }
  }

yarn manifest: 
  No manifest

Lockfile: 
  No lockfile
